This file contains any messages produced by compilers while
running configure, to aid debugging if configure makes a mistake.

It was created by MMUX Cyclone Checks configure 0.1.0-devel.1, which was
generated by GNU Autoconf 2.69.  Invocation command line was

  $ ./configure --config-cache --cache-file=../config.cache --enable-maintainer-mode MAKEINFOFLAGS=--fill-column=100 --prefix=/usr/local --libdir=/usr/local/lib64

## --------- ##
## Platform. ##
## --------- ##

hostname = governatore
uname -m = x86_64
uname -r = 4.4.208
uname -s = Linux
uname -v = #2 SMP Wed Jan 8 15:24:28 CST 2020

/usr/bin/uname -p = Intel(R) Core(TM) i5-3337U CPU @ 1.80GHz
/bin/uname -X     = unknown

/bin/arch              = x86_64
/usr/bin/arch -k       = unknown
/usr/convex/getsysinfo = unknown
/usr/bin/hostinfo      = unknown
/bin/machine           = unknown
/usr/bin/oslevel       = unknown
/bin/universe          = unknown

PATH: /opt/gcc/10.1.0/bin
PATH: /home/marco/bin
PATH: /usr/local/bin
PATH: /usr/bin
PATH: /bin
PATH: /usr/X11R6/bin
PATH: /usr/bin/X11
PATH: /opt/texlive/2020/install-1/bin/x86_64-linux


## ----------- ##
## Core tests. ##
## ----------- ##

configure:1739: creating cache ../config.cache
configure:1813: package major version:  0
configure:1815: package minor version:  1
configure:1817: package patch level:    0
configure:1819: package prerelease tag: devel.1
configure:1821: package build metadata: 
configure:1823: package version: 0.1.0-devel.1
configure:1825: package semantic version: v0.1.0-devel.1
configure:1827: package pkg-config module version: 0.1.0
configure:1870: checking build system type
configure:1884: result: x86_64-pc-linux-gnu
configure:1904: checking host system type
configure:1917: result: x86_64-pc-linux-gnu
configure:1937: checking target system type
configure:1950: result: x86_64-pc-linux-gnu
configure:1992: checking for a BSD-compatible install
configure:2060: result: /usr/bin/ginstall -c
configure:2071: checking whether build environment is sane
configure:2126: result: yes
configure:2277: checking for a thread-safe mkdir -p
configure:2316: result: /usr/bin/mkdir -p
configure:2323: checking for gawk
configure:2339: found /usr/bin/gawk
configure:2350: result: gawk
configure:2361: checking whether make sets $(MAKE)
configure:2383: result: yes
configure:2412: checking whether make supports nested variables
configure:2429: result: yes
configure:2556: checking whether to enable maintainer-specific portions of Makefiles
configure:2565: result: yes
configure:2580: checking whether ln -s works
configure:2584: result: yes
configure:2591: checking whether make sets $(MAKE)
configure:2613: result: yes
configure:2635: detected OS: linux
configure:2794: updating cache ../config.cache
configure:2818: checking for a sed that does not truncate output
configure:2882: result: /usr/bin/sed
configure:2892: checking for cyclone
configure:2910: found /home/marco/bin/cyclone
configure:2923: result: /home/marco/bin/cyclone
configure:2933: checking for icyc
configure:2951: found /home/marco/bin/icyc
configure:2964: result: /home/marco/bin/icyc
configure:2973: checking CYCLONE release number
configure:2980: result: 0.17
configure:2988: checking CYCLONE release major version
configure:2996: result: 0
configure:2999: checking CYCLONE release major version
configure:3007: result: 17
configure:3010: checking CYCLONE release major version
configure:3018: result: 
configure:3107: updating cache ../config.cache
configure:3310: checking that generated files are newer than configure
configure:3316: result: done
configure:3344: creating ./config.status

## ---------------------- ##
## Running config.status. ##
## ---------------------- ##

This file was extended by MMUX Cyclone Checks config.status 0.1.0-devel.1, which was
generated by GNU Autoconf 2.69.  Invocation command line was

  CONFIG_FILES    = 
  CONFIG_HEADERS  = 
  CONFIG_LINKS    = 
  CONFIG_COMMANDS = 
  $ ./config.status 

on governatore

config.status:792: creating Makefile
config.status:792: creating build-lib/config.scm

## ---------------- ##
## Cache variables. ##
## ---------------- ##

ac_cv_build=x86_64-pc-linux-gnu
ac_cv_env_build_alias_set=
ac_cv_env_build_alias_value=
ac_cv_env_host_alias_set=
ac_cv_env_host_alias_value=
ac_cv_env_target_alias_set=
ac_cv_env_target_alias_value=
ac_cv_host=x86_64-pc-linux-gnu
ac_cv_path_CYCLONE_COMPILER=/home/marco/bin/cyclone
ac_cv_path_CYCLONE_INTERPRETER=/home/marco/bin/icyc
ac_cv_path_SED=/usr/bin/sed
ac_cv_path_install='/usr/bin/ginstall -c'
ac_cv_path_mkdir=/usr/bin/mkdir
ac_cv_prog_AWK=gawk
ac_cv_prog_make_make_set=yes
ac_cv_target=x86_64-pc-linux-gnu
am_cv_make_support_nested_variables=yes
mmux_cv_cyclone_release_MAJOR_VERSION=0
mmux_cv_cyclone_release_MINOR_VERSION=17
mmux_cv_cyclone_release_NUMBER=0.17
mmux_cv_cyclone_release_PATCH_VERSION=

## ----------------- ##
## Output variables. ##
## ----------------- ##

ACLOCAL='${SHELL} /home/marco/src/devel/scheme/mmux-cyclone-checks/meta/autotools/missing aclocal-1.16'
AMTAR='$${TAR-tar}'
AM_BACKSLASH='\'
AM_DEFAULT_V='$(AM_DEFAULT_VERBOSITY)'
AM_DEFAULT_VERBOSITY='1'
AM_V='$(V)'
AUTOCONF='${SHELL} /home/marco/src/devel/scheme/mmux-cyclone-checks/meta/autotools/missing autoconf'
AUTOHEADER='${SHELL} /home/marco/src/devel/scheme/mmux-cyclone-checks/meta/autotools/missing autoheader'
AUTOMAKE='${SHELL} /home/marco/src/devel/scheme/mmux-cyclone-checks/meta/autotools/missing automake-1.16'
AWK='gawk'
CYCLONE_COMPILER='/home/marco/bin/cyclone'
CYCLONE_FLAGS=''
CYCLONE_INTERPRETER='/home/marco/bin/icyc'
CYCLONE_RELEASE_MAJOR='0'
CYCLONE_RELEASE_MINOR='17'
CYCLONE_RELEASE_NUMBER='0.17'
CYCLONE_RELEASE_PATCH=''
CYGPATH_W='echo'
DEFS='-DPACKAGE_NAME=\"MMUX\ Cyclone\ Checks\" -DPACKAGE_TARNAME=\"mmux-cyclone-checks\" -DPACKAGE_VERSION=\"0.1.0-devel.1\" -DPACKAGE_STRING=\"MMUX\ Cyclone\ Checks\ 0.1.0-devel.1\" -DPACKAGE_BUGREPORT=\"mrc.mgg@gmail.com\" -DPACKAGE_URL=\"http://github.com/marcomaggi/mmux-cyclone-checks\" -DPACKAGE=\"mmux-cyclone-checks\" -DVERSION=\"0.1.0-devel.1\" -DMMUX_ON_LINUX=1 -DMMUX_ON_BSD=0 -DMMUX_ON_CYGWIN=0 -DMMUX_ON_DARWIN=0'
ECHO_C=''
ECHO_N='-n'
ECHO_T=''
INSTALL_DATA='${INSTALL} -m 644'
INSTALL_PROGRAM='${INSTALL}'
INSTALL_SCRIPT='${INSTALL}'
INSTALL_STRIP_PROGRAM='$(install_sh) -c -s'
LIBOBJS=''
LIBS=''
LN_S='ln -s'
LTLIBOBJS=''
MAINT=''
MAINTAINER_MODE_FALSE='#'
MAINTAINER_MODE_TRUE=''
MAKEINFO='${SHELL} /home/marco/src/devel/scheme/mmux-cyclone-checks/meta/autotools/missing makeinfo'
MKDIR_P='/usr/bin/mkdir -p'
MMUX_DEPENDENCIES_INCLUDES=''
MMUX_ON_BSD='0'
MMUX_ON_CYGWIN='0'
MMUX_ON_DARWIN='0'
MMUX_ON_LINUX='1'
MMUX_PKG_BUILD_METADATA=''
MMUX_PKG_CONFIG_VERSION='0.1.0'
MMUX_PKG_MAJOR_VERSION='0'
MMUX_PKG_MINOR_VERSION='1'
MMUX_PKG_PATCH_LEVEL='0'
MMUX_PKG_PRERELEASE_TAG='devel.1'
MMUX_PKG_SEMANTIC_VERSION='v0.1.0-devel.1'
MMUX_PKG_VERSION='0.1.0-devel.1'
ON_BSD_FALSE=''
ON_BSD_TRUE='#'
ON_CYGWIN_FALSE=''
ON_CYGWIN_TRUE='#'
ON_DARWIN_FALSE=''
ON_DARWIN_TRUE='#'
ON_LINUX_FALSE='#'
ON_LINUX_TRUE=''
PACKAGE='mmux-cyclone-checks'
PACKAGE_BUGREPORT='mrc.mgg@gmail.com'
PACKAGE_NAME='MMUX Cyclone Checks'
PACKAGE_STRING='MMUX Cyclone Checks 0.1.0-devel.1'
PACKAGE_TARNAME='mmux-cyclone-checks'
PACKAGE_URL='http://github.com/marcomaggi/mmux-cyclone-checks'
PACKAGE_VERSION='0.1.0-devel.1'
PATH_SEPARATOR=':'
SED='/usr/bin/sed'
SET_MAKE=''
SHELL='/bin/sh'
SLACKWARE_BUILD_METADATA=''
SLACKWARE_PACKAGE_VERSION='0.1.0devel.1'
STRIP=''
VERSION='0.1.0-devel.1'
am__isrc=''
am__leading_dot='.'
am__tar='$${TAR-tar} chof - "$$tardir"'
am__untar='$${TAR-tar} xf -'
bindir='${exec_prefix}/bin'
build='x86_64-pc-linux-gnu'
build_alias=''
build_cpu='x86_64'
build_os='linux-gnu'
build_vendor='pc'
datadir='${datarootdir}'
datarootdir='${prefix}/share'
docdir='${datarootdir}/doc/${PACKAGE_TARNAME}'
dvidir='${docdir}'
exec_prefix='${prefix}'
host='x86_64-pc-linux-gnu'
host_alias=''
host_cpu='x86_64'
host_os='linux-gnu'
host_vendor='pc'
htmldir='${docdir}'
includedir='${prefix}/include'
infodir='${datarootdir}/info'
install_sh='${SHELL} /home/marco/src/devel/scheme/mmux-cyclone-checks/meta/autotools/install-sh'
libdir='/usr/local/lib64'
libexecdir='${exec_prefix}/libexec'
localedir='${datarootdir}/locale'
localstatedir='${prefix}/var'
mandir='${datarootdir}/man'
mkdir_p='$(MKDIR_P)'
oldincludedir='/usr/include'
pdfdir='${docdir}'
prefix='/usr/local'
program_transform_name='s,x,x,'
psdir='${docdir}'
sbindir='${exec_prefix}/sbin'
sharedstatedir='${prefix}/com'
sysconfdir='${prefix}/etc'
target='x86_64-pc-linux-gnu'
target_alias=''
target_cpu='x86_64'
target_os='linux-gnu'
target_vendor='pc'

## ----------- ##
## confdefs.h. ##
## ----------- ##

/* confdefs.h */
#define PACKAGE_NAME "MMUX Cyclone Checks"
#define PACKAGE_TARNAME "mmux-cyclone-checks"
#define PACKAGE_VERSION "0.1.0-devel.1"
#define PACKAGE_STRING "MMUX Cyclone Checks 0.1.0-devel.1"
#define PACKAGE_BUGREPORT "mrc.mgg@gmail.com"
#define PACKAGE_URL "http://github.com/marcomaggi/mmux-cyclone-checks"
#define PACKAGE "mmux-cyclone-checks"
#define VERSION "0.1.0-devel.1"
#define MMUX_ON_LINUX 1
#define MMUX_ON_BSD 0
#define MMUX_ON_CYGWIN 0
#define MMUX_ON_DARWIN 0

configure: exit 0
